<?xml version="1.0" encoding="UTF-8"?>
<!-- Generated by org.testng.reporters.JUnitXMLReporter -->
<testsuite hostname="BlrIS-AmbhrajY" ignored="0" name="Test" tests="2" failures="0" timestamp="02 Aug 2019 06:59:46 GMT" time="77.45" errors="0">
  <testcase name="purchasingPillowWithCorrectPaymentMethod" time="24.996" classname="com.go.testcases.PurchasingItemTest"/>
  <testcase name="purchasingPillowWithIncorrectPaymentMethod" time="20.184" classname="com.go.testcases.PurchasingItemTest"/>
</testsuite> <!-- Test -->
